<?xml version="1.0" encoding="UTF-8"?>
<testng-results skipped="0" failed="0" total="1" passed="1">
  <reporter-output>
  </reporter-output>
  <suite name="Default suite" duration-ms="1277" started-at="2015-11-10T09:52:15Z" finished-at="2015-11-10T09:52:17Z">
    <groups>
    </groups>
    <test name="Default test" duration-ms="1277" started-at="2015-11-10T09:52:15Z" finished-at="2015-11-10T09:52:17Z">
      <class name="com.zizaike.redis.service.HotRecommendRedisServiceImplTest">
        <test-method status="PASS" signature="springTestContextBeforeTestClass()[pri:0, instance:com.zizaike.redis.service.HotRecommendRedisServiceImplTest@5b0508f3]" name="springTestContextBeforeTestClass" is-config="true" duration-ms="9" started-at="2015-11-10T17:52:15Z" finished-at="2015-11-10T17:52:15Z">
          <reporter-output>
          </reporter-output>
        </test-method> <!-- springTestContextBeforeTestClass -->
        <test-method status="PASS" signature="springTestContextPrepareTestInstance()[pri:0, instance:com.zizaike.redis.service.HotRecommendRedisServiceImplTest@5b0508f3]" name="springTestContextPrepareTestInstance" is-config="true" duration-ms="870" started-at="2015-11-10T17:52:15Z" depends-on-methods="org.springframework.test.context.testng.AbstractTestNGSpringContextTests.springTestContextBeforeTestClass" finished-at="2015-11-10T17:52:16Z">
          <reporter-output>
          </reporter-output>
        </test-method> <!-- springTestContextPrepareTestInstance -->
        <test-method status="PASS" signature="springTestContextBeforeTestMethod(java.lang.reflect.Method)[pri:0, instance:com.zizaike.redis.service.HotRecommendRedisServiceImplTest@5b0508f3]" name="springTestContextBeforeTestMethod" is-config="true" duration-ms="1" started-at="2015-11-10T17:52:16Z" finished-at="2015-11-10T17:52:16Z">
          <params>
            <param index="0">
              <value>
                <![CDATA[public void com.zizaike.redis.service.HotRecommendRedisServiceImplTest.save() throws com.zizaike.core.framework.exception.ZZKServiceException]]>
              </value>
            </param>
          </params>
          <reporter-output>
          </reporter-output>
        </test-method> <!-- springTestContextBeforeTestMethod -->
        <test-method status="PASS" signature="save()[pri:0, instance:com.zizaike.redis.service.HotRecommendRedisServiceImplTest@5b0508f3]" name="save" duration-ms="375" started-at="2015-11-10T17:52:16Z" description="保存热推对象" finished-at="2015-11-10T17:52:17Z">
          <reporter-output>
          </reporter-output>
        </test-method> <!-- save -->
        <test-method status="PASS" signature="springTestContextAfterTestMethod(java.lang.reflect.Method)[pri:0, instance:com.zizaike.redis.service.HotRecommendRedisServiceImplTest@5b0508f3]" name="springTestContextAfterTestMethod" is-config="true" duration-ms="4" started-at="2015-11-10T17:52:17Z" finished-at="2015-11-10T17:52:17Z">
          <params>
            <param index="0">
              <value>
                <![CDATA[public void com.zizaike.redis.service.HotRecommendRedisServiceImplTest.save() throws com.zizaike.core.framework.exception.ZZKServiceException]]>
              </value>
            </param>
          </params>
          <reporter-output>
          </reporter-output>
        </test-method> <!-- springTestContextAfterTestMethod -->
        <test-method status="PASS" signature="springTestContextAfterTestClass()[pri:0, instance:com.zizaike.redis.service.HotRecommendRedisServiceImplTest@5b0508f3]" name="springTestContextAfterTestClass" is-config="true" duration-ms="0" started-at="2015-11-10T17:52:17Z" finished-at="2015-11-10T17:52:17Z">
          <reporter-output>
          </reporter-output>
        </test-method> <!-- springTestContextAfterTestClass -->
      </class> <!-- com.zizaike.redis.service.HotRecommendRedisServiceImplTest -->
    </test> <!-- Default test -->
  </suite> <!-- Default suite -->
</testng-results>
