<?xml version="1.0" encoding="UTF-8"?>
<testng-results skipped="0" failed="0" total="1" passed="1">
  <reporter-output>
  </reporter-output>
  <suite name="Default suite" duration-ms="5221" started-at="2015-11-05T09:15:45Z" finished-at="2015-11-05T09:15:50Z">
    <groups>
    </groups>
    <test name="Default test" duration-ms="5221" started-at="2015-11-05T09:15:45Z" finished-at="2015-11-05T09:15:50Z">
      <class name="com.zizaike.recommend.service.HotRecommendServiceTest">
        <test-method status="PASS" signature="springTestContextBeforeTestClass()[pri:0, instance:com.zizaike.recommend.service.HotRecommendServiceTest@1ea40b04]" name="springTestContextBeforeTestClass" is-config="true" duration-ms="13" started-at="2015-11-05T17:15:45Z" finished-at="2015-11-05T17:15:45Z">
          <reporter-output>
          </reporter-output>
        </test-method> <!-- springTestContextBeforeTestClass -->
        <test-method status="PASS" signature="springTestContextPrepareTestInstance()[pri:0, instance:com.zizaike.recommend.service.HotRecommendServiceTest@1ea40b04]" name="springTestContextPrepareTestInstance" is-config="true" duration-ms="4952" started-at="2015-11-05T17:15:45Z" depends-on-methods="org.springframework.test.context.testng.AbstractTestNGSpringContextTests.springTestContextBeforeTestClass" finished-at="2015-11-05T17:15:50Z">
          <reporter-output>
          </reporter-output>
        </test-method> <!-- springTestContextPrepareTestInstance -->
        <test-method status="PASS" signature="springTestContextBeforeTestMethod(java.lang.reflect.Method)[pri:0, instance:com.zizaike.recommend.service.HotRecommendServiceTest@1ea40b04]" name="springTestContextBeforeTestMethod" is-config="true" duration-ms="29" started-at="2015-11-05T17:15:50Z" finished-at="2015-11-05T17:15:50Z">
          <params>
            <param index="0">
              <value>
                <![CDATA[public void com.zizaike.recommend.service.HotRecommendServiceTest.quryHotRecommend()]]>
              </value>
            </param>
          </params>
          <reporter-output>
          </reporter-output>
        </test-method> <!-- springTestContextBeforeTestMethod -->
        <test-method status="PASS" signature="quryHotRecommend()[pri:0, instance:com.zizaike.recommend.service.HotRecommendServiceTest@1ea40b04]" name="quryHotRecommend" duration-ms="205" started-at="2015-11-05T17:15:50Z" description="查询热推" finished-at="2015-11-05T17:15:50Z">
          <reporter-output>
          </reporter-output>
        </test-method> <!-- quryHotRecommend -->
        <test-method status="PASS" signature="springTestContextAfterTestMethod(java.lang.reflect.Method)[pri:0, instance:com.zizaike.recommend.service.HotRecommendServiceTest@1ea40b04]" name="springTestContextAfterTestMethod" is-config="true" duration-ms="7" started-at="2015-11-05T17:15:50Z" finished-at="2015-11-05T17:15:50Z">
          <params>
            <param index="0">
              <value>
                <![CDATA[public void com.zizaike.recommend.service.HotRecommendServiceTest.quryHotRecommend()]]>
              </value>
            </param>
          </params>
          <reporter-output>
          </reporter-output>
        </test-method> <!-- springTestContextAfterTestMethod -->
        <test-method status="PASS" signature="springTestContextAfterTestClass()[pri:0, instance:com.zizaike.recommend.service.HotRecommendServiceTest@1ea40b04]" name="springTestContextAfterTestClass" is-config="true" duration-ms="1" started-at="2015-11-05T17:15:50Z" finished-at="2015-11-05T17:15:50Z">
          <reporter-output>
          </reporter-output>
        </test-method> <!-- springTestContextAfterTestClass -->
      </class> <!-- com.zizaike.recommend.service.HotRecommendServiceTest -->
    </test> <!-- Default test -->
  </suite> <!-- Default suite -->
</testng-results>
